   1                             	r8	=	0xffef0
   2                             	r16	=	0xffee8
   3                             	r24	=	0xffee0
   4                             	r9	=	0xffef1
   5                             	r17	=	0xffee9
   6                             	r25	=	0xffee1
   7                             	r10	=	0xffef2
   8                             	r18	=	0xffeea
   9                             	r26	=	0xffee2
  10                             	r11	=	0xffef3
  11                             	r19	=	0xffeeb
  12                             	r27	=	0xffee3
  13                             	r12	=	0xffef4
  14                             	r20	=	0xffeec
  15                             	r28	=	0xffee4
  16                             	r13	=	0xffef5
  17                             	r21	=	0xffeed
  18                             	r29	=	0xffee5
  19                             	r14	=	0xffef6
  20                             	r22	=	0xffeee
  21                             	r30	=	0xffee6
  22                             	r15	=	0xffef7
  23                             	r23	=	0xffeef
  24                             	r31	=	0xffee7
  25                             	MACRL	=	0xffff0
  26                             	MACRH	=	0xffff2
  27                             	.text
  28                             	.Ltext0:
  29                             		.section	.text.R_CGC_Create,"ax",@progbits
  30                             		.global	_R_CGC_Create
  32                             	_R_CGC_Create:
  33                             	.LFB0:
  34                             		.file 1 "../src/r_cg_cgc.c"
   1:../src/r_cg_cgc.c **** /**************************************************************************************************
   2:../src/r_cg_cgc.c **** * DISCLAIMER
   3:../src/r_cg_cgc.c **** * This software is supplied by Renesas Electronics Corporation and is only intended for use with Re
   4:../src/r_cg_cgc.c **** * No other uses are authorized. This software is owned by Renesas Electronics Corporation and is pr
   5:../src/r_cg_cgc.c **** * applicable laws, including copyright laws. 
   6:../src/r_cg_cgc.c **** * THIS SOFTWARE IS PROVIDED "AS IS" AND RENESAS MAKES NO WARRANTIES REGARDING THIS SOFTWARE, WHETHE
   7:../src/r_cg_cgc.c **** * OR STATUTORY, INCLUDING BUT NOT LIMITED TO WARRANTIES OF MERCHANTABILITY, FITNESS FOR A PARTICULA
   8:../src/r_cg_cgc.c **** * NON-INFRINGEMENT.  ALL SUCH WARRANTIES ARE EXPRESSLY DISCLAIMED.TO THE MAXIMUM EXTENT PERMITTED N
   9:../src/r_cg_cgc.c **** * LAW, NEITHER RENESAS ELECTRONICS CORPORATION NOR ANY OF ITS AFFILIATED COMPANIES SHALL BE LIABLE 
  10:../src/r_cg_cgc.c **** * INDIRECT, SPECIAL, INCIDENTAL OR CONSEQUENTIAL DAMAGES FOR ANY REASON RELATED TO THIS SOFTWARE, E
  11:../src/r_cg_cgc.c **** * ITS AFFILIATES HAVE BEEN ADVISED OF THE POSSIBILITY OF SUCH DAMAGES.
  12:../src/r_cg_cgc.c **** * Renesas reserves the right, without notice, to make changes to this software and to discontinue t
  13:../src/r_cg_cgc.c **** * of this software. By using this software, you agree to the additional terms and conditions found 
  14:../src/r_cg_cgc.c **** * following link:
  15:../src/r_cg_cgc.c **** * http://www.renesas.com/disclaimer
  16:../src/r_cg_cgc.c **** *
  17:../src/r_cg_cgc.c **** * Copyright (C) 2011, 2024 Renesas Electronics Corporation. All rights reserved.
  18:../src/r_cg_cgc.c **** ***************************************************************************************************
  19:../src/r_cg_cgc.c **** 
  20:../src/r_cg_cgc.c **** /**************************************************************************************************
  21:../src/r_cg_cgc.c **** * File Name    : r_cg_cgc.c
  22:../src/r_cg_cgc.c **** * Version      : CodeGenerator for RL78/G14 V2.05.08.02 [03 Jun 2024]
  23:../src/r_cg_cgc.c **** * Device(s)    : R5F104GF
  24:../src/r_cg_cgc.c **** * Tool-Chain   : GCCRL78
  25:../src/r_cg_cgc.c **** * Description  : This file implements device driver for CGC module.
  26:../src/r_cg_cgc.c **** * Creation Date: 14/07/2025
  27:../src/r_cg_cgc.c **** ***************************************************************************************************
  28:../src/r_cg_cgc.c **** 
  29:../src/r_cg_cgc.c **** /**************************************************************************************************
  30:../src/r_cg_cgc.c **** Includes
  31:../src/r_cg_cgc.c **** ***************************************************************************************************
  32:../src/r_cg_cgc.c **** #include "r_cg_macrodriver.h"
  33:../src/r_cg_cgc.c **** #include "r_cg_cgc.h"
  34:../src/r_cg_cgc.c **** /* Start user code for include. Do not edit comment generated here */
  35:../src/r_cg_cgc.c **** /* End user code. Do not edit comment generated here */
  36:../src/r_cg_cgc.c **** #include "r_cg_userdefine.h"
  37:../src/r_cg_cgc.c **** 
  38:../src/r_cg_cgc.c **** /**************************************************************************************************
  39:../src/r_cg_cgc.c **** Global variables and functions
  40:../src/r_cg_cgc.c **** ***************************************************************************************************
  41:../src/r_cg_cgc.c **** /* Start user code for global. Do not edit comment generated here */
  42:../src/r_cg_cgc.c **** /* End user code. Do not edit comment generated here */
  43:../src/r_cg_cgc.c **** 
  44:../src/r_cg_cgc.c **** /**************************************************************************************************
  45:../src/r_cg_cgc.c **** * Function Name: R_CGC_Create
  46:../src/r_cg_cgc.c **** * Description  : This function initializes the clock generator.
  47:../src/r_cg_cgc.c **** * Arguments    : None
  48:../src/r_cg_cgc.c **** * Return Value : None
  49:../src/r_cg_cgc.c **** ***************************************************************************************************
  50:../src/r_cg_cgc.c **** void R_CGC_Create(void)
  51:../src/r_cg_cgc.c **** {
  35                             		.loc 1 51 0
  52:../src/r_cg_cgc.c ****     /* Set fMX */
  53:../src/r_cg_cgc.c ****     CMC = _00_CGC_HISYS_PORT | _00_CGC_SUB_PORT | _00_CGC_SYSOSC_DEFAULT | _00_CGC_SUBMODE_DEFAULT;
  36                             		.loc 1 53 0
  37 0000 F5 A0 FF                		clrb	!-96
  54:../src/r_cg_cgc.c ****     MSTOP = 1U;
  38                             		.loc 1 54 0
  39 0003 71 70 A1 FF             		set1	!-95.7
  55:../src/r_cg_cgc.c ****     /* Set fMAIN */
  56:../src/r_cg_cgc.c ****     MCM0 = 0U;
  40                             		.loc 1 56 0
  41 0007 71 48 A4 FF             		clr1	!-92.4
  57:../src/r_cg_cgc.c ****     /* Set fSUB */
  58:../src/r_cg_cgc.c ****     XTSTOP = 1U;
  42                             		.loc 1 58 0
  43 000b 71 60 A1 FF             		set1	!-95.6
  59:../src/r_cg_cgc.c ****     OSMC = _10_CGC_RTC_CLK_FIL;
  44                             		.loc 1 59 0
  45 000f 51 10                   		mov	a, #16
  46 0011 9F F3 00                		mov	!243, a
  60:../src/r_cg_cgc.c ****     /* Set fCLK */
  61:../src/r_cg_cgc.c ****     CSS = 0U;
  47                             		.loc 1 61 0
  48 0014 71 68 A4 FF             		clr1	!-92.6
  62:../src/r_cg_cgc.c ****     /* Set fIH */
  63:../src/r_cg_cgc.c ****     HIOSTOP = 0U;
  49                             		.loc 1 63 0
  50 0018 71 08 A1 FF             		clr1	!-95.0
  64:../src/r_cg_cgc.c **** }
  51                             		.loc 1 64 0
  52 001c D7                      		ret
  53                             	.LFE0:
  81                             	.Letext0:
  82                             		.file 2 "C:/Users/badreddine.merareb/e2_studio/Workspace_stepper_Motor/Control_Dumber_Degree/gener
